C51 COMPILER V9.51   AVERAGEC                                                              03/29/2019 15:41:17 PAGE 1   


C51 COMPILER V9.51, COMPILATION OF MODULE AVERAGEC
OBJECT MODULE PLACED IN AverageC.OBJ
COMPILER INVOKED BY: C:\Keil\C51\BIN\C51.EXE AverageC.c BROWSE DEBUG OBJECTEXTEND TABS(2)

line level    source

   1          #include<reg51.h>
   2          
   3          void main()
   4          {
   5   1        unsigned int a=0x10;
   6   1        unsigned int b=0x20;
   7   1        unsigned int c;
   8   1        c=a*b;
   9   1        
  10   1      }


MODULE INFORMATION:   STATIC OVERLAYABLE
   CODE SIZE        =     16    ----
   CONSTANT SIZE    =   ----    ----
   XDATA SIZE       =   ----    ----
   PDATA SIZE       =   ----    ----
   DATA SIZE        =   ----       2
   IDATA SIZE       =   ----    ----
   BIT SIZE         =   ----    ----
END OF MODULE INFORMATION.


C51 COMPILATION COMPLETE.  0 WARNING(S),  0 ERROR(S)
