A51 MACRO ASSEMBLER  AVERAGE                                                              03/15/2019 15:44:24 PAGE     1


MACRO ASSEMBLER A51 V8.02b
OBJECT MODULE PLACED IN average.OBJ
ASSEMBLER INVOKED BY: C:\Keil\C51\BIN\A51.EXE average.asm SET(SMALL) DEBUG EP

LOC  OBJ            LINE     SOURCE

0300                   1     ORG 300H        
0300 01020304          2     DB 1,2,3,4,5,6,7,8,9,10
0304 05060708                
0308 090A                    
0000                   3     ORG 0000H       
0000 900300            4     MOV DPTR, #0300H
0003 7F0A              5     MOV R7, #0AH    
0005 7400              6     MOV A, #00H     
0007 7800              7     MOV R0, #00H    
0009 7E00              8     MOV R6,#00H     
                       9     
000B                  10     LOOP:
000B E8               11                     MOV A, R0       
000C 93               12                     MOVC A,@A+DPTR  
000D 2E               13                     ADD A, R6       
000E FE               14                     MOV R6,A        
000F 08               15                     INC R0          
0010 DFF9             16                     DJNZ R7, LOOP   
                      17     
0012 EE               18     MOV A, R6
0013 88F0             19     MOV B, R0
0015 84               20     DIV AB
0016 FE               21     MOV R6, A
0017 8E80             22     MOV P0, R6
                      23     END
A51 MACRO ASSEMBLER  AVERAGE                                                              03/15/2019 15:44:24 PAGE     2

SYMBOL TABLE LISTING
------ ----- -------


N A M E             T Y P E  V A L U E   ATTRIBUTES

B. . . . . . . . .  D ADDR   00F0H   A   
LOOP . . . . . . .  C ADDR   000BH   A   
P0 . . . . . . . .  D ADDR   0080H   A   


REGISTER BANK(S) USED: 0 


ASSEMBLY COMPLETE.  0 WARNING(S), 0 ERROR(S)
